<?xml version="1.0" encoding="UTF-8"?>
<!-- Generated by org.testng.reporters.JUnitReportReporter -->
<testsuite hostname="DESKTOP-6A060UP" failures="0" tests="2" name="CreateContactTest.CreateContactTest" time="0.067" errors="0" timestamp="2024-09-03T15:52:39 EDT" skipped="0">
  <testcase classname="CreateContactTest.CreateContactTest" name="CreateConTest" time="0.061"/>
  <system-out/>
  <testcase classname="CreateContactTest.CreateContactTest" name="CreateConWithPhTest" time="0.006"/>
  <system-out/>
</testsuite> <!-- CreateContactTest.CreateContactTest -->
