<?xml version="1.0" encoding="UTF-8"?>
<!-- Generated by org.testng.reporters.JUnitReportReporter -->
<testsuite hostname="DESKTOP-6A060UP" failures="0" tests="2" name="CreateOrgTest.CreaateOrgTest" time="0.058" errors="0" timestamp="2024-09-03T16:25:58 EDT" skipped="0">
  <testcase classname="CreateOrgTest.CreaateOrgTest" name="CreateOrgWithDateTest" time="0.015"/>
  <system-out/>
  <testcase classname="CreateOrgTest.CreaateOrgTest" name="CreateOrTest" time="0.043"/>
  <system-out/>
</testsuite> <!-- CreateOrgTest.CreaateOrgTest -->
